{
  "RSpec": {
    "coverage": {
      "/Users/lat/projects/wegotsingles/app/models/user.rb": [
        1,
        null,
        1,
        1,
        1,
        1,
        null,
        null,
        1,
        1,
        null,
        1,
        null,
        1,
        null,
        1,
        1,
        1,
        null,
        null,
        1,
        null,
        null,
        null,
        1,
        1,
        3,
        1,
        1,
        1,
        null,
        null,
        null,
        1,
        1,
        1,
        3,
        1,
        null,
        null,
        null
      ],
      "/Users/lat/projects/wegotsingles/app/uploaders/avatar_uploader.rb": [
        null,
        null,
        1,
        null,
        null,
        null,
        1,
        null,
        null,
        1,
        null,
        null,
        null,
        null,
        1,
        0,
        null,
        null,
        null,
        null,
        null,
        null,
        null,
        null,
        null,
        null,
        null,
        null,
        null,
        null,
        null,
        null,
        null,
        null,
        1,
        1,
        null,
        null,
        null,
        null,
        null,
        null,
        null,
        null,
        null,
        null,
        null,
        null,
        null,
        null,
        null
      ],
      "/Users/lat/projects/wegotsingles/app/helpers/application_helper.rb": [
        1,
        null
      ],
      "/Users/lat/projects/wegotsingles/app/helpers/message_helper.rb": [
        1,
        null,
        1,
        2,
        1,
        null,
        1,
        null,
        null,
        null
      ],
      "/Users/lat/projects/wegotsingles/app/helpers/users_helper.rb": [
        1,
        null
      ],
      "/Users/lat/projects/wegotsingles/app/controllers/messages_controller.rb": [
        1,
        null,
        1,
        null,
        1,
        0,
        0,
        null,
        null,
        1,
        0,
        0,
        null,
        null,
        1,
        0,
        0,
        0,
        null,
        null,
        1,
        0,
        0,
        0,
        null,
        null,
        1,
        0,
        0,
        0,
        0,
        null,
        0,
        0,
        0,
        null,
        null,
        0,
        null,
        null,
        null,
        null,
        0,
        0,
        0,
        0,
        null,
        null,
        null,
        null,
        null,
        1,
        1,
        0,
        null,
        null,
        null
      ],
      "/Users/lat/projects/wegotsingles/app/controllers/application_controller.rb": [
        1,
        null,
        null,
        1,
        null,
        1,
        null,
        1,
        1,
        0,
        null,
        null
      ],
      "/Users/lat/projects/wegotsingles/app/controllers/users_controller.rb": [
        1,
        1,
        null,
        1,
        0,
        0,
        null,
        null,
        1,
        0,
        0,
        null,
        null,
        1,
        0,
        0,
        0,
        0,
        null,
        null,
        1,
        0,
        0,
        0,
        null,
        null,
        1,
        1,
        0,
        null,
        null,
        null,
        null,
        null
      ],
      "/Users/lat/projects/wegotsingles/app/mailers/notifications.rb": [
        1,
        1,
        null,
        1,
        2,
        2,
        null,
        null,
        1,
        6,
        6,
        null,
        null
      ],
      "/Users/lat/projects/wegotsingles/app/models/ethnicity.rb": [
        1,
        1,
        1,
        null
      ],
      "/Users/lat/projects/wegotsingles/app/models/horoscope.rb": [
        1,
        null,
        1,
        null,
        null
      ],
      "/Users/lat/projects/wegotsingles/app/models/language.rb": [
        1,
        1,
        1,
        null
      ],
      "/Users/lat/projects/wegotsingles/app/models/message.rb": [
        1,
        1,
        1,
        1,
        1,
        null,
        1,
        1,
        1,
        null,
        1,
        null,
        1,
        0,
        0,
        0,
        null,
        null,
        null,
        1,
        4,
        null,
        null,
        null
      ],
      "/Users/lat/projects/wegotsingles/app/models/user_ethnicity.rb": [
        1,
        1,
        1,
        null
      ],
      "/Users/lat/projects/wegotsingles/app/models/user_language.rb": [
        1,
        null,
        1,
        1,
        null,
        null
      ]
    },
    "timestamp": 1402074080
  },
  "Cucumber Features": {
    "coverage": {
      "/Users/lat/projects/wegotsingles/app/models/user.rb": [
        1,
        null,
        1,
        1,
        1,
        1,
        null,
        null,
        1,
        1,
        null,
        1,
        null,
        1,
        null,
        1,
        1,
        1,
        null,
        null,
        1,
        null,
        null,
        null,
        1,
        0,
        0,
        0,
        0,
        0,
        null,
        null,
        null,
        1,
        0,
        0,
        0,
        0,
        null,
        null,
        null
      ],
      "/Users/lat/projects/wegotsingles/app/uploaders/avatar_uploader.rb": [
        null,
        null,
        1,
        null,
        null,
        null,
        1,
        null,
        null,
        1,
        null,
        null,
        null,
        null,
        1,
        0,
        null,
        null,
        null,
        null,
        null,
        null,
        null,
        null,
        null,
        null,
        null,
        null,
        null,
        null,
        null,
        null,
        null,
        null,
        1,
        1,
        null,
        null,
        null,
        null,
        null,
        null,
        null,
        null,
        null,
        null,
        null,
        null,
        null,
        null,
        null
      ]
    },
    "timestamp": 1402074083
  }
}
